


ARM Macro Assembler    Page 1 


    1 00000000                 PRESERVE8
    2 00000000                 THUMB
    3 00000000         
    4 00000000         
    5 00000000         ; ====================== zone de réservation de données,
                         ======================================
    6 00000000         ;Section RAM (read only) :
    7 00000000                 area             mesdata,data,readonly
    8 00000000         
    9 00000000         
   10 00000000         ;Section RAM (read write):
   11 00000000                 area             maram,data,readwrite
   12 00000000 00 00   SortieSon
                               dcw              0
   13 00000002 00 00 00000000 
                       index   dcd              0
   14 00000008         
   15 00000008         
   16 00000008         ; ======================================================
                       =========================================
   17 00000008         
   18 00000008         
   19 00000008         
   20 00000008         
   21 00000008         ;Section ROM code (read only) :  
   22 00000008                 area             moncode,code,readonly
   23 00000000                 include          bruitverre.inc
    1 00000000                 import           LongueurSon
    2 00000000                 import           PeriodeSonMicroSec
    3 00000000                 import           Son
    4 00000000         
    5 00000000                 end
   24 00000000                 export           CallbackSon
   25 00000000                 export           index
   26 00000000                 export           StartSon
   27 00000000                 export           StopSon
   28 00000000                 include          DriverJeuLaser.inc
    1 00000000         
    2 00000000         ; Bibliotheque DriverJeuLaser (ancienne gassp72 adaptée 
                       2021 - TR)
    3 00000000         ; Accès en aux fonctions suivantes :
    4 00000000         ; GPIO :
    5 00000000         ; GPIOA_Set(char Broche), GPIOB_Set(char Broche), GPIOC_
                       Set(char Broche)
    6 00000000         ; GPIOA_Clear(char Broche), GPIOB_Clear(char Broche), GP
                       IOC_Clear(char Broche)
    7 00000000         
    8 00000000         ; PWM :
    9 00000000         ;/**
   10 00000000         ; * @brief  Fixe une valeur de PWM, Val, en tick horloge
                       . La rapport cyclique effectif
   11 00000000         ; * est donc : rcy = Thaut_ticks / Periode_ticks
   12 00000000         ; * @note   spécifique Jeu Laser, PWM liée exclusivement
                        au TIM3, chan3
   13 00000000         ; * @param  Thaut_ticks : durée de l'état haut d'une imp
                       ulsion en Ticks
   14 00000000         ;  * @retval None
   15 00000000         ; */
   16 00000000         



ARM Macro Assembler    Page 2 


   17 00000000         ;void PWM_Set_Value_TIM3_Ch3( unsigned short int Thaut_t
                       icks);
   18 00000000                 import           PWM_Set_Value_TIM3_Ch3
   19 00000000         
   20 00000000         
   21 00000000         
   22 00000000         ;/**
   23 00000000         ; * @brief  Mise à 1 d'une broche GPIO 
   24 00000000         ;  * @note   Une fonction par GPIO
   25 00000000         ; * @param  Broche : 0 à 15
   26 00000000         ; * @retval None
   27 00000000         ; */
   28 00000000         
   29 00000000         ;void GPIOA_Set(char Broche);
   30 00000000                 import           GPIOA_Set
   31 00000000         
   32 00000000         ;void GPIOB_Set(char Broche);
   33 00000000                 import           GPIOB_Set
   34 00000000         
   35 00000000         ;void GPIOC_Set(char Broche);
   36 00000000                 import           GPIOC_Set
   37 00000000         
   38 00000000         
   39 00000000         
   40 00000000         ;/**
   41 00000000         ; * @brief  Mise à 0 d'une broche GPIO 
   42 00000000         ;  * @note   Une fonction par GPIO
   43 00000000         ; * @param  Broche : 0 à 15
   44 00000000         ; * @retval None
   45 00000000         ;  */
   46 00000000         
   47 00000000         ;void GPIOA_Clear(char Broche);
   48 00000000                 import           GPIOA_Clear
   49 00000000         
   50 00000000         ;void GPIOB_Clear(char Broche);
   51 00000000                 import           GPIOB_Clear
   52 00000000         
   53 00000000         ;void GPIOC_Clear(char Broche);
   54 00000000                 import           GPIOC_Clear
   55 00000000         
   56 00000000                 end
   29 00000000         
   30 00000000         StopSon proc
   31 00000000 4B13            ldr              r3,=index
   32 00000002         ;r3= i
   33 00000002         
   34 00000002 F241 5188       mov              r1,#5512
   35 00000006 6019            str              r1, [r3]
   36 00000008 4770            bx               lr
   37 0000000A                 endp
   38 0000000A         StartSon
                               proc
   39 0000000A 4B11            ldr              r3,=index
   40 0000000C         ;r3= i
   41 0000000C         
   42 0000000C F04F 0100       mov              r1,#0
   43 00000010 6019            str              r1, [r3]
   44 00000012 4770            bx               lr
   45 00000014                 endp



ARM Macro Assembler    Page 3 


   46 00000014         
   47 00000014         
   48 00000014         ; écrire le code ici  
   49 00000014         CallbackSon
                               proc
   50 00000014 4B0E            ldr              r3,=index
   51 00000016 6818            ldr              R0,[r3]
   52 00000018         ;r0= i
   53 00000018 4B0E            ldr              r3, =LongueurSon
   54 0000001A 6819            ldr              r1, [r3]
   55 0000001C         
   56 0000001C         ;r1=5512
   57 0000001C 4288            cmp              r0,r1
   58 0000001E         ;comparer i et 5512
   59 0000001E D100            bne              danslaboucle
   60 00000020         ;si pas égal on va dans la boucle
   61 00000020 4770            bx               lr
   62 00000022         ;retour main sinon
   63 00000022         danslaboucle
   64 00000022 4A0D            ldr              r2,=Son
   65 00000024         ;r2=addresse tableau Son
   66 00000024 5E13            ldrsh            r3,[r2,r0]
   67 00000026         ;r3= son qui nous interesse
   68 00000026 F44F 4100       mov              r1,#32768
   69 0000002A         ;r1=32768
   70 0000002A         ;mul r3,#720;asr r3,#16
   71 0000002A 440B            add              r3,r1
   72 0000002C         ;r3=r3+r1
   73 0000002C F04F 015C       mov              r1,#92
   74 00000030         ;r1=92
   75 00000030 FB93 F3F1       sdiv             r3,r1
   76 00000034         ;r3=r3/r1
   77 00000034 4A09            ldr              r2,=SortieSon
   78 00000036         
   79 00000036         ;r2=addresse Sortie son
   80 00000036 8013            strh             r3,[r2]
   81 00000038         ;Sortie_SOn[i]=r3
   82 00000038 F04F 0102       mov              r1,#2
   83 0000003C         ;r1=1
   84 0000003C 4408            add              r0,r1
   85 0000003E         ;r0=r1+r0
   86 0000003E 4904            ldr              r1,=index
   87 00000040         ;r1=addresse i
   88 00000040 6008            str              r0,[r1]
   89 00000042         ;r0=valeur de i
   90 00000042 4618            mov              r0,r3
   91 00000044 B500            push             {lr}
   92 00000046 F7FF FFFE       bl               PWM_Set_Value_TIM3_Ch3
   93 0000004A F85D EB04       pop              {lr}
   94 0000004E 4770            bx               lr
   95 00000050         ;retour main
   96 00000050         
   97 00000050                 endp
   98 00000050         
   99 00000050         
  100 00000050                 END
              00000000 
              00000000 
              00000000 



ARM Macro Assembler    Page 4 


              00000000 
Command Line: --debug --xref --diag_suppress=9931 --cpu=Cortex-M3 --apcs=interw
ork --depend=.\obj\gestionson.d -o.\obj\gestionson.o -I.\Driver -I.\header-inc 
-I.\RTE\_CibleSondeKEIL -IC:\Programdata\Keil\Arm\Packs\ARM\CMSIS\5.7.0\CMSIS\C
ore\Include -IC:\Programdata\Keil\Arm\Packs\Keil\STM32F1xx_DFP\2.3.0\Device\Inc
lude --predefine="__EVAL SETA 1" --predefine="__MICROLIB SETA 1" --predefine="_
_UVISION_VERSION SETA 534" --predefine="_RTE_ SETA 1" --predefine="STM32F10X_MD
 SETA 1" --predefine="_RTE_ SETA 1" --list=gestionson.lst Src\GestionSon.s



ARM Macro Assembler    Page 1 Alphabetic symbol ordering
Relocatable symbols

mesdata 00000000

Symbol: mesdata
   Definitions
      At line 7 in file Src\GestionSon.s
   Uses
      None
Comment: mesdata unused
1 symbol



ARM Macro Assembler    Page 1 Alphabetic symbol ordering
Relocatable symbols

SortieSon 00000000

Symbol: SortieSon
   Definitions
      At line 12 in file Src\GestionSon.s
   Uses
      At line 77 in file Src\GestionSon.s
Comment: SortieSon used once
index 00000004

Symbol: index
   Definitions
      At line 13 in file Src\GestionSon.s
   Uses
      At line 25 in file Src\GestionSon.s
      At line 31 in file Src\GestionSon.s
      At line 39 in file Src\GestionSon.s
      At line 50 in file Src\GestionSon.s
      At line 86 in file Src\GestionSon.s

maram 00000000

Symbol: maram
   Definitions
      At line 11 in file Src\GestionSon.s
   Uses
      None
Comment: maram unused
3 symbols



ARM Macro Assembler    Page 1 Alphabetic symbol ordering
Relocatable symbols

CallbackSon 00000014

Symbol: CallbackSon
   Definitions
      At line 49 in file Src\GestionSon.s
   Uses
      At line 24 in file Src\GestionSon.s
Comment: CallbackSon used once
StartSon 0000000A

Symbol: StartSon
   Definitions
      At line 38 in file Src\GestionSon.s
   Uses
      At line 26 in file Src\GestionSon.s
Comment: StartSon used once
StopSon 00000000

Symbol: StopSon
   Definitions
      At line 30 in file Src\GestionSon.s
   Uses
      At line 27 in file Src\GestionSon.s
Comment: StopSon used once
danslaboucle 00000022

Symbol: danslaboucle
   Definitions
      At line 63 in file Src\GestionSon.s
   Uses
      At line 59 in file Src\GestionSon.s
Comment: danslaboucle used once
moncode 00000000

Symbol: moncode
   Definitions
      At line 22 in file Src\GestionSon.s
   Uses
      None
Comment: moncode unused
5 symbols



ARM Macro Assembler    Page 1 Alphabetic symbol ordering
External symbols

GPIOA_Clear 00000000

Symbol: GPIOA_Clear
   Definitions
      At line 48 in file .\Driver\DriverJeuLaser.inc
   Uses
      None
Comment: GPIOA_Clear unused
GPIOA_Set 00000000

Symbol: GPIOA_Set
   Definitions
      At line 30 in file .\Driver\DriverJeuLaser.inc
   Uses
      None
Comment: GPIOA_Set unused
GPIOB_Clear 00000000

Symbol: GPIOB_Clear
   Definitions
      At line 51 in file .\Driver\DriverJeuLaser.inc
   Uses
      None
Comment: GPIOB_Clear unused
GPIOB_Set 00000000

Symbol: GPIOB_Set
   Definitions
      At line 33 in file .\Driver\DriverJeuLaser.inc
   Uses
      None
Comment: GPIOB_Set unused
GPIOC_Clear 00000000

Symbol: GPIOC_Clear
   Definitions
      At line 54 in file .\Driver\DriverJeuLaser.inc
   Uses
      None
Comment: GPIOC_Clear unused
GPIOC_Set 00000000

Symbol: GPIOC_Set
   Definitions
      At line 36 in file .\Driver\DriverJeuLaser.inc
   Uses
      None
Comment: GPIOC_Set unused
LongueurSon 00000000

Symbol: LongueurSon
   Definitions
      At line 1 in file .\header-inc\bruitverre.inc
   Uses
      At line 53 in file Src\GestionSon.s
Comment: LongueurSon used once
PWM_Set_Value_TIM3_Ch3 00000000

Symbol: PWM_Set_Value_TIM3_Ch3



ARM Macro Assembler    Page 2 Alphabetic symbol ordering
External symbols

   Definitions
      At line 18 in file .\Driver\DriverJeuLaser.inc
   Uses
      At line 92 in file Src\GestionSon.s
Comment: PWM_Set_Value_TIM3_Ch3 used once
PeriodeSonMicroSec 00000000

Symbol: PeriodeSonMicroSec
   Definitions
      At line 2 in file .\header-inc\bruitverre.inc
   Uses
      None
Comment: PeriodeSonMicroSec unused
Son 00000000

Symbol: Son
   Definitions
      At line 3 in file .\header-inc\bruitverre.inc
   Uses
      At line 64 in file Src\GestionSon.s
Comment: Son used once
10 symbols
356 symbols in table
