


ARM Macro Assembler    Page 1 


    1 00000000                 PRESERVE8
    2 00000000                 THUMB
    3 00000000         
    4 00000000         
    5 00000000         ; ====================== zone de réservation de données,
                         ======================================
    6 00000000         ;Section RAM (read only) :
    7 00000000                 area             mesdata,data,readonly
    8 00000000         
    9 00000000         
   10 00000000         ;Section RAM (read write):
   11 00000000                 area             maram,data,readwrite
   12 00000000 00 00   SortieSon
                               dcw              0
   13 00000002 00 00 00000000 
                       i       dcd              0
   14 00000008         
   15 00000008         
   16 00000008         ; ======================================================
                       =========================================
   17 00000008         
   18 00000008         
   19 00000008         
   20 00000008         
   21 00000008         ;Section ROM code (read only) :  
   22 00000008                 area             moncode,code,readonly
   23 00000000                 export           i
   24 00000000                 EXPORT           CallbackSon
   25 00000000                 EXPORT           SortieSon
   26 00000000                 import           Son
   27 00000000                 import           LongueurSon
   28 00000000                 include          Driver/DriverJeuLaser.inc
    1 00000000         
    2 00000000         ; Bibliotheque DriverJeuLaser (ancienne gassp72 adaptée 
                       2021 - TR)
    3 00000000         ; Accès en aux fonctions suivantes :
    4 00000000         ; GPIO :
    5 00000000         ; GPIOA_Set(char Broche), GPIOB_Set(char Broche), GPIOC_
                       Set(char Broche)
    6 00000000         ; GPIOA_Clear(char Broche), GPIOB_Clear(char Broche), GP
                       IOC_Clear(char Broche)
    7 00000000         
    8 00000000         ; PWM :
    9 00000000         ;/**
   10 00000000         ; * @brief  Fixe une valeur de PWM, Val, en tick horloge
                       . La rapport cyclique effectif
   11 00000000         ; * est donc : rcy = Thaut_ticks / Periode_ticks
   12 00000000         ; * @note   spécifique Jeu Laser, PWM liée exclusivement
                        au TIM3, chan3
   13 00000000         ; * @param  Thaut_ticks : durée de l'état haut d'une imp
                       ulsion en Ticks
   14 00000000         ;  * @retval None
   15 00000000         ; */
   16 00000000         
   17 00000000         ;void PWM_Set_Value_TIM3_Ch3( unsigned short int Thaut_t
                       icks);
   18 00000000                 import           PWM_Set_Value_TIM3_Ch3
   19 00000000         
   20 00000000         



ARM Macro Assembler    Page 2 


   21 00000000         
   22 00000000         ;/**
   23 00000000         ; * @brief  Mise à 1 d'une broche GPIO 
   24 00000000         ;  * @note   Une fonction par GPIO
   25 00000000         ; * @param  Broche : 0 à 15
   26 00000000         ; * @retval None
   27 00000000         ; */
   28 00000000         
   29 00000000         ;void GPIOA_Set(char Broche);
   30 00000000                 import           GPIOA_Set
   31 00000000         
   32 00000000         ;void GPIOB_Set(char Broche);
   33 00000000                 import           GPIOB_Set
   34 00000000         
   35 00000000         ;void GPIOC_Set(char Broche);
   36 00000000                 import           GPIOC_Set
   37 00000000         
   38 00000000         
   39 00000000         
   40 00000000         ;/**
   41 00000000         ; * @brief  Mise à 0 d'une broche GPIO 
   42 00000000         ;  * @note   Une fonction par GPIO
   43 00000000         ; * @param  Broche : 0 à 15
   44 00000000         ; * @retval None
   45 00000000         ;  */
   46 00000000         
   47 00000000         ;void GPIOA_Clear(char Broche);
   48 00000000                 import           GPIOA_Clear
   49 00000000         
   50 00000000         ;void GPIOB_Clear(char Broche);
   51 00000000                 import           GPIOB_Clear
   52 00000000         
   53 00000000         ;void GPIOC_Clear(char Broche);
   54 00000000                 import           GPIOC_Clear
   55 00000000         
   56 00000000                 end
   29 00000000         
   30 00000000         
   31 00000000         ; écrire le code ici  
   32 00000000         CallbackSon
                               proc
   33 00000000 4B0E            ldr              r3,=i
   34 00000002 6818            ldr              R0,[r3]
   35 00000004         ;r0= i
   36 00000004 4B0E            ldr              r3, =LongueurSon
   37 00000006 6819            ldr              r1, [r3]
   38 00000008         
   39 00000008         ;r1=5512
   40 00000008 4288            cmp              r0,r1
   41 0000000A         ;comparer i et 5512
   42 0000000A D100            bne              danslaboucle
   43 0000000C         ;si pas égal on va dans la boucle
   44 0000000C 4770            bx               lr
   45 0000000E         ;retour main sinon
   46 0000000E         danslaboucle
   47 0000000E 4A0D            ldr              r2,=Son
   48 00000010         ;r2=addresse tableau Son
   49 00000010 5E13            ldrsh            r3,[r2,r0]
   50 00000012         ;r3= son qui nous interesse



ARM Macro Assembler    Page 3 


   51 00000012 F44F 4100       mov              r1,#32768
   52 00000016         ;r1=32768
   53 00000016         ;mul r3,#720;asr r3,#16
   54 00000016 440B            add              r3,r1
   55 00000018         ;r3=r3+r1
   56 00000018 F04F 015C       mov              r1,#92
   57 0000001C         ;r1=92
   58 0000001C FB93 F3F1       sdiv             r3,r1
   59 00000020         ;r3=r3/r1
   60 00000020 4A09            ldr              r2,=SortieSon
   61 00000022         
   62 00000022         ;r2=addresse Sortie son
   63 00000022 8013            strh             r3,[r2]
   64 00000024         ;Sortie_SOn[i]=r3
   65 00000024 F04F 0102       mov              r1,#2
   66 00000028         ;r1=1
   67 00000028 4408            add              r0,r1
   68 0000002A         ;r0=r1+r0
   69 0000002A 4904            ldr              r1,=i
   70 0000002C         ;r1=addresse i
   71 0000002C 6008            str              r0,[r1]
   72 0000002E         ;r0=valeur de i
   73 0000002E 4618            mov              r0,r3
   74 00000030 B500            push             {lr}
   75 00000032 F7FF FFFE       bl               PWM_Set_Value_TIM3_Ch3
   76 00000036 F85D EB04       pop              {lr}
   77 0000003A 4770            bx               lr
   78 0000003C         ;retour main
   79 0000003C         
   80 0000003C                 endp
   81 0000003C         
   82 0000003C         
   83 0000003C                 END
              00000000 
              00000000 
              00000000 
              00000000 
Command Line: --debug --xref --diag_suppress=9931 --cpu=Cortex-M3 --apcs=interw
ork --depend=.\obj\gestionson.d -o.\obj\gestionson.o -I.\RTE\_Simu -IC:\Program
data\Keil\Arm\Packs\ARM\CMSIS\5.7.0\CMSIS\Core\Include -IC:\Programdata\Keil\Ar
m\Packs\Keil\STM32F1xx_DFP\2.3.0\Device\Include --predefine="__EVAL SETA 1" --p
redefine="__MICROLIB SETA 1" --predefine="__UVISION_VERSION SETA 534" --predefi
ne="_RTE_ SETA 1" --predefine="STM32F10X_MD SETA 1" --predefine="_RTE_ SETA 1" 
--list=gestionson.lst Src\GestionSon.s



ARM Macro Assembler    Page 1 Alphabetic symbol ordering
Relocatable symbols

mesdata 00000000

Symbol: mesdata
   Definitions
      At line 7 in file Src\GestionSon.s
   Uses
      None
Comment: mesdata unused
1 symbol



ARM Macro Assembler    Page 1 Alphabetic symbol ordering
Relocatable symbols

SortieSon 00000000

Symbol: SortieSon
   Definitions
      At line 12 in file Src\GestionSon.s
   Uses
      At line 25 in file Src\GestionSon.s
      At line 60 in file Src\GestionSon.s

i 00000004

Symbol: i
   Definitions
      At line 13 in file Src\GestionSon.s
   Uses
      At line 23 in file Src\GestionSon.s
      At line 33 in file Src\GestionSon.s
      At line 69 in file Src\GestionSon.s

maram 00000000

Symbol: maram
   Definitions
      At line 11 in file Src\GestionSon.s
   Uses
      None
Comment: maram unused
3 symbols



ARM Macro Assembler    Page 1 Alphabetic symbol ordering
Relocatable symbols

CallbackSon 00000000

Symbol: CallbackSon
   Definitions
      At line 32 in file Src\GestionSon.s
   Uses
      At line 24 in file Src\GestionSon.s
Comment: CallbackSon used once
danslaboucle 0000000E

Symbol: danslaboucle
   Definitions
      At line 46 in file Src\GestionSon.s
   Uses
      At line 42 in file Src\GestionSon.s
Comment: danslaboucle used once
moncode 00000000

Symbol: moncode
   Definitions
      At line 22 in file Src\GestionSon.s
   Uses
      None
Comment: moncode unused
3 symbols



ARM Macro Assembler    Page 1 Alphabetic symbol ordering
External symbols

GPIOA_Clear 00000000

Symbol: GPIOA_Clear
   Definitions
      At line 48 in file Driver\DriverJeuLaser.inc
   Uses
      None
Comment: GPIOA_Clear unused
GPIOA_Set 00000000

Symbol: GPIOA_Set
   Definitions
      At line 30 in file Driver\DriverJeuLaser.inc
   Uses
      None
Comment: GPIOA_Set unused
GPIOB_Clear 00000000

Symbol: GPIOB_Clear
   Definitions
      At line 51 in file Driver\DriverJeuLaser.inc
   Uses
      None
Comment: GPIOB_Clear unused
GPIOB_Set 00000000

Symbol: GPIOB_Set
   Definitions
      At line 33 in file Driver\DriverJeuLaser.inc
   Uses
      None
Comment: GPIOB_Set unused
GPIOC_Clear 00000000

Symbol: GPIOC_Clear
   Definitions
      At line 54 in file Driver\DriverJeuLaser.inc
   Uses
      None
Comment: GPIOC_Clear unused
GPIOC_Set 00000000

Symbol: GPIOC_Set
   Definitions
      At line 36 in file Driver\DriverJeuLaser.inc
   Uses
      None
Comment: GPIOC_Set unused
LongueurSon 00000000

Symbol: LongueurSon
   Definitions
      At line 27 in file Src\GestionSon.s
   Uses
      At line 36 in file Src\GestionSon.s
Comment: LongueurSon used once
PWM_Set_Value_TIM3_Ch3 00000000

Symbol: PWM_Set_Value_TIM3_Ch3



ARM Macro Assembler    Page 2 Alphabetic symbol ordering
External symbols

   Definitions
      At line 18 in file Driver\DriverJeuLaser.inc
   Uses
      At line 75 in file Src\GestionSon.s
Comment: PWM_Set_Value_TIM3_Ch3 used once
Son 00000000

Symbol: Son
   Definitions
      At line 26 in file Src\GestionSon.s
   Uses
      At line 47 in file Src\GestionSon.s
Comment: Son used once
9 symbols
353 symbols in table
