


ARM Macro Assembler    Page 1 


    1 00000000                 AREA             Signal, DATA, READONLY
    2 00000000                 export           LeSignal
    3 00000000         LeSignal
    4 00000000 A8 0D           DCW              0x0da8      ;  0 3496  0.85352
    5 00000002 D1 01           DCW              0x01d1      ;  1  465  0.11353
    6 00000004 8E 03           DCW              0x038e      ;  2  910  0.22217
    7 00000006 0E 0F           DCW              0x0f0e      ;  3 3854  0.94092
    8 00000008 10 0B           DCW              0x0b10      ;  4 2832  0.69141
    9 0000000A 58 00           DCW              0x0058      ;  5   88  0.02148
   10 0000000C 70 06           DCW              0x0670      ;  6 1648  0.40234
   11 0000000E F6 0F           DCW              0x0ff6      ;  7 4086  0.99756
   12 00000010 00 08           DCW              0x0800      ;  8 2048  0.50000
   13 00000012 0A 00           DCW              0x000a      ;  9   10  0.00244
   14 00000014 90 09           DCW              0x0990      ; 10 2448  0.59766
   15 00000016 A8 0F           DCW              0x0fa8      ; 11 4008  0.97852
   16 00000018 F0 04           DCW              0x04f0      ; 12 1264  0.30859
   17 0000001A F2 00           DCW              0x00f2      ; 13  242  0.05908
   18 0000001C 72 0C           DCW              0x0c72      ; 14 3186  0.77783
   19 0000001E 2F 0E           DCW              0x0e2f      ; 15 3631  0.88647
   20 00000020 58 02           DCW              0x0258      ; 16  600  0.14648
   21 00000022 ED 02           DCW              0x02ed      ; 17  749  0.18286
   22 00000024 A7 0E           DCW              0x0ea7      ; 18 3751  0.91577
   23 00000026 C5 0B           DCW              0x0bc5      ; 19 3013  0.73560
   24 00000028 9C 00           DCW              0x009c      ; 20  156  0.03809
   25 0000002A AD 05           DCW              0x05ad      ; 21 1453  0.35474
   26 0000002C D9 0F           DCW              0x0fd9      ; 22 4057  0.99048
   27 0000002E C9 08           DCW              0x08c9      ; 23 2249  0.54907
   28 00000030 00 00           DCW              0x0000      ; 24    0  0.00000
   29 00000032 C9 08           DCW              0x08c9      ; 25 2249  0.54907
   30 00000034 D9 0F           DCW              0x0fd9      ; 26 4057  0.99048
   31 00000036 AD 05           DCW              0x05ad      ; 27 1453  0.35474
   32 00000038 9C 00           DCW              0x009c      ; 28  156  0.03809
   33 0000003A C5 0B           DCW              0x0bc5      ; 29 3013  0.73560
   34 0000003C A7 0E           DCW              0x0ea7      ; 30 3751  0.91577
   35 0000003E ED 02           DCW              0x02ed      ; 31  749  0.18286
   36 00000040 58 02           DCW              0x0258      ; 32  600  0.14648
   37 00000042 2F 0E           DCW              0x0e2f      ; 33 3631  0.88647
   38 00000044 72 0C           DCW              0x0c72      ; 34 3186  0.77783
   39 00000046 F2 00           DCW              0x00f2      ; 35  242  0.05908
   40 00000048 F0 04           DCW              0x04f0      ; 36 1264  0.30859
   41 0000004A A8 0F           DCW              0x0fa8      ; 37 4008  0.97852
   42 0000004C 90 09           DCW              0x0990      ; 38 2448  0.59766
   43 0000004E 0A 00           DCW              0x000a      ; 39   10  0.00244
   44 00000050 00 08           DCW              0x0800      ; 40 2048  0.50000
   45 00000052 F6 0F           DCW              0x0ff6      ; 41 4086  0.99756
   46 00000054 70 06           DCW              0x0670      ; 42 1648  0.40234
   47 00000056 58 00           DCW              0x0058      ; 43   88  0.02148
   48 00000058 10 0B           DCW              0x0b10      ; 44 2832  0.69141
   49 0000005A 0E 0F           DCW              0x0f0e      ; 45 3854  0.94092
   50 0000005C 8E 03           DCW              0x038e      ; 46  910  0.22217
   51 0000005E D1 01           DCW              0x01d1      ; 47  465  0.11353
   52 00000060 A8 0D           DCW              0x0da8      ; 48 3496  0.85352
   53 00000062 13 0D           DCW              0x0d13      ; 49 3347  0.81714
   54 00000064 59 01           DCW              0x0159      ; 50  345  0.08423
   55 00000066 3B 04           DCW              0x043b      ; 51 1083  0.26440
   56 00000068 64 0F           DCW              0x0f64      ; 52 3940  0.96191
   57 0000006A 53 0A           DCW              0x0a53      ; 53 2643  0.64526
   58 0000006C 27 00           DCW              0x0027      ; 54   39  0.00952
   59 0000006E 37 07           DCW              0x0737      ; 55 1847  0.45093



ARM Macro Assembler    Page 2 


   60 00000070 FF 0F           DCW              0x0fff      ; 56 4095  0.99976
   61 00000072 37 07           DCW              0x0737      ; 57 1847  0.45093
   62 00000074 27 00           DCW              0x0027      ; 58   39  0.00952
   63 00000076 53 0A           DCW              0x0a53      ; 59 2643  0.64526
   64 00000078 64 0F           DCW              0x0f64      ; 60 3940  0.96191
   65 0000007A 3B 04           DCW              0x043b      ; 61 1083  0.26440
   66 0000007C 59 01           DCW              0x0159      ; 62  345  0.08423
   67 0000007E 13 0D           DCW              0x0d13      ; 63 3347  0.81714
   68 00000080                 END
Command Line: --debug --xref --diag_suppress=9931 --cpu=Cortex-M3 --apcs=interw
ork --depend=.\obj\signal.d -o.\obj\signal.o -I.\RTE\_Simu -IC:\Programdata\Kei
l\Arm\Packs\ARM\CMSIS\5.7.0\CMSIS\Core\Include -IC:\Programdata\Keil\Arm\Packs\
Keil\STM32F1xx_DFP\2.3.0\Device\Include --predefine="__EVAL SETA 1" --predefine
="__MICROLIB SETA 1" --predefine="__UVISION_VERSION SETA 534" --predefine="_RTE
_ SETA 1" --predefine="STM32F10X_MD SETA 1" --predefine="_RTE_ SETA 1" --list=s
ignal.lst Src\Signal.asm



ARM Macro Assembler    Page 1 Alphabetic symbol ordering
Relocatable symbols

LeSignal 00000000

Symbol: LeSignal
   Definitions
      At line 3 in file Src\Signal.asm
   Uses
      At line 2 in file Src\Signal.asm
Comment: LeSignal used once
Signal 00000000

Symbol: Signal
   Definitions
      At line 1 in file Src\Signal.asm
   Uses
      None
Comment: Signal unused
2 symbols
337 symbols in table
