


ARM Macro Assembler    Page 1 


    1 00000000                 PRESERVE8
    2 00000000                 THUMB
    3 00000000         
    4 00000000         
    5 00000000         ; ====================== zone de réservation de données,
                         ======================================
    6 00000000         ;Section RAM (read only) :
    7 00000000                 area             mesdata,data,readonly
    8 00000000         
    9 00000000         
   10 00000000         ;Section RAM (read write):
   11 00000000                 area             maram,data,readwrite
   12 00000000         
   13 00000000 00000000 
                       sum_cos dcd              0           ;32bits
   14 00000004 00000000 
                       sum_sin dcd              0           ; 32 bits
   15 00000008 00 00   n       dcw              0           ;inbdice temporel
   16 0000000A         
   17 0000000A         ; ======================================================
                       =========================================
   18 0000000A         
   19 0000000A         
   20 0000000A         
   21 0000000A         
   22 0000000A         ;Section ROM code (read only) :  
   23 0000000A                 area             moncode,code,readonly
   24 00000000         ; écrire le code ici  
   25 00000000                 export           DFT_ModuleAuCarre
   26 00000000         ;for n in 0..63, n=0, n++ :
   27 00000000         ;indice=n*k mod 64;
   28 00000000         ;sum+=cos(indice)*signal(n);
   29 00000000         DFT_ModuleAuCarre
                               proc
   30 00000000         ;r0=addresse de signal
   31 00000000         ;r1=k
   32 00000000 B4F0            push{r4-r7}
   33 00000002 F04F 0300       mov              r3,#0
   34 00000006 4C1B            ldr              r4,=sum_cos
   35 00000008 4D1B            ldr              r5,=sum_sin
   36 0000000A 6023            str              r3,[r4]
   37 0000000C 602B            str              r3,[r5]
   38 0000000E 4A1B            ldr              r2,=n
   39 00000010 6013            str              r3,[r2]     ;initialise n à 0
   40 00000012         loop
   41 00000012 4A1A            ldr              r2,=n
   42 00000014 6812            ldr              r2,[r2]     ;r2=n
   43 00000016 FB01 F302       mul              r3,r1,r2    ;r1=k*n   
   44 0000001A F003 033F       and              r3,#63      ;r1=r1[64]
   45 0000001E 4C18            ldr              r4,=TabCos
   46 00000020 4E18            ldr              r6,=TabSin
   47 00000022 F934 4013       ldrsh            r4,[r4,r3,lsl#1] ;r3=cos(r1)
   48 00000026 F936 6013       ldrsh            r6,[r6,r3,lsl#1]
   49 0000002A F930 5012       ldrsh            r5,[r0,r2,lsl#1] ;,r2,lsl#1]  ;
                                                            on charge depuis r0
                                                             vers r0, signal(n)
                                                            
   50 0000002E FB06 F705       mul              r7,r6,r5
   51 00000032 FB04 F505       mul              r5,r4,r5    ;r0=signal*cos



ARM Macro Assembler    Page 2 


   52 00000036 4B0F            ldr              r3,=sum_cos
   53 00000038 681A            ldr              r2,[r3]     ;r3=somme actuelle 
                                                            
   54 0000003A 4415            add              r5,r2       ; r5=r2+r5
   55 0000003C 601D            str              r5,[r3]     ;sum_cos=r0
   56 0000003E 4B0E            ldr              r3,=sum_sin
   57 00000040 681A            ldr              r2,[r3]     ;r3=somme actuelle 
                                                            
   58 00000042 4417            add              r7,r2       ; r7=r2+r7
   59 00000044 601F            str              r7,[r3]     ;sum_cos=r0
   60 00000046 4B0D            ldr              r3,=n
   61 00000048 681A            ldr              r2,[r3]     ;r2=n
   62 0000004A F102 0201       add              r2,#1       ;n+=1
   63 0000004E 601A            str              r2,[r3]     ;modif de n
   64 00000050 F04F 0340       mov              r3,#64
   65 00000054 429A            cmp              r2,r3       ;verifie qu'on est 
                                                            toujours dans la so
                                                            mme
   66 00000056 D3DC            bcc              loop
   67 00000058 4806            ldr              r0,=sum_cos ;mettre au carré et
                                                             additioner 
   68 0000005A 6801            ldr              r1,[r0]     ;r1=valeur de somme
                                                             de cos 
   69 0000005C 4A06            ldr              r2,=sum_sin
   70 0000005E 6813            ldr              r3, [r2]
   71 00000060 F04F 0000       mov              r0,#0
   72 00000064 F04F 0400       mov              r4,#0
   73 00000068 FBC1 4001       smlal            r4,r0,r1,r1 ;r0=cos carre
   74 0000006C FBC3 4003       smlal            r4,r0,r3,r3 ;r0=sin carre + cos
                                                             carre
   75 00000070 BCF0            pop{r4-r7}
   76 00000072 4770            bx               lr
   77 00000074                 endp
   78 00000074         
   79 00000074         
   80 00000074         
   81 00000074         ;Section ROM code (read only) :  
   82 00000074 00000000 
              00000000 
              00000000 
              00000000 
              00000000         AREA             Trigo, DATA, READONLY
   83 00000000         ; codage fractionnaire 1.15
   84 00000000         
   85 00000000         TabCos
   86 00000000 FF 7F           DCW              32767       ;  0 0x7fff  0.9999
                                                            7
   87 00000002 62 7F           DCW              32610       ;  1 0x7f62  0.9951
                                                            8
   88 00000004 8A 7D           DCW              32138       ;  2 0x7d8a  0.9807
                                                            7
   89 00000006 7D 7A           DCW              31357       ;  3 0x7a7d  0.9569
                                                            4
   90 00000008 42 76           DCW              30274       ;  4 0x7642  0.9238
                                                            9
   91 0000000A E3 70           DCW              28899       ;  5 0x70e3  0.8819
                                                            3
   92 0000000C 6E 6A           DCW              27246       ;  6 0x6a6e  0.8314
                                                            8



ARM Macro Assembler    Page 3 


   93 0000000E F2 62           DCW              25330       ;  7 0x62f2  0.7730
                                                            1
   94 00000010 82 5A           DCW              23170       ;  8 0x5a82  0.7070
                                                            9
   95 00000012 34 51           DCW              20788       ;  9 0x5134  0.6344
                                                            0
   96 00000014 1D 47           DCW              18205       ; 10 0x471d  0.5555
                                                            7
   97 00000016 57 3C           DCW              15447       ; 11 0x3c57  0.4714
                                                            1
   98 00000018 FC 30           DCW              12540       ; 12 0x30fc  0.3826
                                                            9
   99 0000001A 28 25           DCW              9512        ; 13 0x2528  0.2902
                                                            8
  100 0000001C F9 18           DCW              6393        ; 14 0x18f9  0.1951
                                                            0
  101 0000001E 8C 0C           DCW              3212        ; 15 0x0c8c  0.0980
                                                            2
  102 00000020 00 00           DCW              0           ; 16 0x0000  0.0000
                                                            0
  103 00000022 74 F3           DCW              -3212       ; 17 0xf374 -0.0980
                                                            2
  104 00000024 07 E7           DCW              -6393       ; 18 0xe707 -0.1951
                                                            0
  105 00000026 D8 DA           DCW              -9512       ; 19 0xdad8 -0.2902
                                                            8
  106 00000028 04 CF           DCW              -12540      ; 20 0xcf04 -0.3826
                                                            9
  107 0000002A A9 C3           DCW              -15447      ; 21 0xc3a9 -0.4714
                                                            1
  108 0000002C E3 B8           DCW              -18205      ; 22 0xb8e3 -0.5555
                                                            7
  109 0000002E CC AE           DCW              -20788      ; 23 0xaecc -0.6344
                                                            0
  110 00000030 7E A5           DCW              -23170      ; 24 0xa57e -0.7070
                                                            9
  111 00000032 0E 9D           DCW              -25330      ; 25 0x9d0e -0.7730
                                                            1
  112 00000034 92 95           DCW              -27246      ; 26 0x9592 -0.8314
                                                            8
  113 00000036 1D 8F           DCW              -28899      ; 27 0x8f1d -0.8819
                                                            3
  114 00000038 BE 89           DCW              -30274      ; 28 0x89be -0.9238
                                                            9
  115 0000003A 83 85           DCW              -31357      ; 29 0x8583 -0.9569
                                                            4
  116 0000003C 76 82           DCW              -32138      ; 30 0x8276 -0.9807
                                                            7
  117 0000003E 9E 80           DCW              -32610      ; 31 0x809e -0.9951
                                                            8
  118 00000040 00 80           DCW              -32768      ; 32 0x8000 -1.0000
                                                            0
  119 00000042 9E 80           DCW              -32610      ; 33 0x809e -0.9951
                                                            8
  120 00000044 76 82           DCW              -32138      ; 34 0x8276 -0.9807
                                                            7
  121 00000046 83 85           DCW              -31357      ; 35 0x8583 -0.9569
                                                            4
  122 00000048 BE 89           DCW              -30274      ; 36 0x89be -0.9238



ARM Macro Assembler    Page 4 


                                                            9
  123 0000004A 1D 8F           DCW              -28899      ; 37 0x8f1d -0.8819
                                                            3
  124 0000004C 92 95           DCW              -27246      ; 38 0x9592 -0.8314
                                                            8
  125 0000004E 0E 9D           DCW              -25330      ; 39 0x9d0e -0.7730
                                                            1
  126 00000050 7E A5           DCW              -23170      ; 40 0xa57e -0.7070
                                                            9
  127 00000052 CC AE           DCW              -20788      ; 41 0xaecc -0.6344
                                                            0
  128 00000054 E3 B8           DCW              -18205      ; 42 0xb8e3 -0.5555
                                                            7
  129 00000056 A9 C3           DCW              -15447      ; 43 0xc3a9 -0.4714
                                                            1
  130 00000058 04 CF           DCW              -12540      ; 44 0xcf04 -0.3826
                                                            9
  131 0000005A D8 DA           DCW              -9512       ; 45 0xdad8 -0.2902
                                                            8
  132 0000005C 07 E7           DCW              -6393       ; 46 0xe707 -0.1951
                                                            0
  133 0000005E 74 F3           DCW              -3212       ; 47 0xf374 -0.0980
                                                            2
  134 00000060 00 00           DCW              0           ; 48 0x0000  0.0000
                                                            0
  135 00000062 8C 0C           DCW              3212        ; 49 0x0c8c  0.0980
                                                            2
  136 00000064 F9 18           DCW              6393        ; 50 0x18f9  0.1951
                                                            0
  137 00000066 28 25           DCW              9512        ; 51 0x2528  0.2902
                                                            8
  138 00000068 FC 30           DCW              12540       ; 52 0x30fc  0.3826
                                                            9
  139 0000006A 57 3C           DCW              15447       ; 53 0x3c57  0.4714
                                                            1
  140 0000006C 1D 47           DCW              18205       ; 54 0x471d  0.5555
                                                            7
  141 0000006E 34 51           DCW              20788       ; 55 0x5134  0.6344
                                                            0
  142 00000070 82 5A           DCW              23170       ; 56 0x5a82  0.7070
                                                            9
  143 00000072 F2 62           DCW              25330       ; 57 0x62f2  0.7730
                                                            1
  144 00000074 6E 6A           DCW              27246       ; 58 0x6a6e  0.8314
                                                            8
  145 00000076 E3 70           DCW              28899       ; 59 0x70e3  0.8819
                                                            3
  146 00000078 42 76           DCW              30274       ; 60 0x7642  0.9238
                                                            9
  147 0000007A 7D 7A           DCW              31357       ; 61 0x7a7d  0.9569
                                                            4
  148 0000007C 8A 7D           DCW              32138       ; 62 0x7d8a  0.9807
                                                            7
  149 0000007E 62 7F           DCW              32610       ; 63 0x7f62  0.9951
                                                            8
  150 00000080         TabSin
  151 00000080 00 00           DCW              0           ;  0 0x0000  0.0000
                                                            0
  152 00000082 8C 0C           DCW              3212        ;  1 0x0c8c  0.0980



ARM Macro Assembler    Page 5 


                                                            2
  153 00000084 F9 18           DCW              6393        ;  2 0x18f9  0.1951
                                                            0
  154 00000086 28 25           DCW              9512        ;  3 0x2528  0.2902
                                                            8
  155 00000088 FC 30           DCW              12540       ;  4 0x30fc  0.3826
                                                            9
  156 0000008A 57 3C           DCW              15447       ;  5 0x3c57  0.4714
                                                            1
  157 0000008C 1D 47           DCW              18205       ;  6 0x471d  0.5555
                                                            7
  158 0000008E 34 51           DCW              20788       ;  7 0x5134  0.6344
                                                            0
  159 00000090 82 5A           DCW              23170       ;  8 0x5a82  0.7070
                                                            9
  160 00000092 F2 62           DCW              25330       ;  9 0x62f2  0.7730
                                                            1
  161 00000094 6E 6A           DCW              27246       ; 10 0x6a6e  0.8314
                                                            8
  162 00000096 E3 70           DCW              28899       ; 11 0x70e3  0.8819
                                                            3
  163 00000098 42 76           DCW              30274       ; 12 0x7642  0.9238
                                                            9
  164 0000009A 7D 7A           DCW              31357       ; 13 0x7a7d  0.9569
                                                            4
  165 0000009C 8A 7D           DCW              32138       ; 14 0x7d8a  0.9807
                                                            7
  166 0000009E 62 7F           DCW              32610       ; 15 0x7f62  0.9951
                                                            8
  167 000000A0 FF 7F           DCW              32767       ; 16 0x7fff  0.9999
                                                            7
  168 000000A2 62 7F           DCW              32610       ; 17 0x7f62  0.9951
                                                            8
  169 000000A4 8A 7D           DCW              32138       ; 18 0x7d8a  0.9807
                                                            7
  170 000000A6 7D 7A           DCW              31357       ; 19 0x7a7d  0.9569
                                                            4
  171 000000A8 42 76           DCW              30274       ; 20 0x7642  0.9238
                                                            9
  172 000000AA E3 70           DCW              28899       ; 21 0x70e3  0.8819
                                                            3
  173 000000AC 6E 6A           DCW              27246       ; 22 0x6a6e  0.8314
                                                            8
  174 000000AE F2 62           DCW              25330       ; 23 0x62f2  0.7730
                                                            1
  175 000000B0 82 5A           DCW              23170       ; 24 0x5a82  0.7070
                                                            9
  176 000000B2 34 51           DCW              20788       ; 25 0x5134  0.6344
                                                            0
  177 000000B4 1D 47           DCW              18205       ; 26 0x471d  0.5555
                                                            7
  178 000000B6 57 3C           DCW              15447       ; 27 0x3c57  0.4714
                                                            1
  179 000000B8 FC 30           DCW              12540       ; 28 0x30fc  0.3826
                                                            9
  180 000000BA 28 25           DCW              9512        ; 29 0x2528  0.2902
                                                            8
  181 000000BC F9 18           DCW              6393        ; 30 0x18f9  0.1951
                                                            0



ARM Macro Assembler    Page 6 


  182 000000BE 8C 0C           DCW              3212        ; 31 0x0c8c  0.0980
                                                            2
  183 000000C0 00 00           DCW              0           ; 32 0x0000  0.0000
                                                            0
  184 000000C2 74 F3           DCW              -3212       ; 33 0xf374 -0.0980
                                                            2
  185 000000C4 07 E7           DCW              -6393       ; 34 0xe707 -0.1951
                                                            0
  186 000000C6 D8 DA           DCW              -9512       ; 35 0xdad8 -0.2902
                                                            8
  187 000000C8 04 CF           DCW              -12540      ; 36 0xcf04 -0.3826
                                                            9
  188 000000CA A9 C3           DCW              -15447      ; 37 0xc3a9 -0.4714
                                                            1
  189 000000CC E3 B8           DCW              -18205      ; 38 0xb8e3 -0.5555
                                                            7
  190 000000CE CC AE           DCW              -20788      ; 39 0xaecc -0.6344
                                                            0
  191 000000D0 7E A5           DCW              -23170      ; 40 0xa57e -0.7070
                                                            9
  192 000000D2 0E 9D           DCW              -25330      ; 41 0x9d0e -0.7730
                                                            1
  193 000000D4 92 95           DCW              -27246      ; 42 0x9592 -0.8314
                                                            8
  194 000000D6 1D 8F           DCW              -28899      ; 43 0x8f1d -0.8819
                                                            3
  195 000000D8 BE 89           DCW              -30274      ; 44 0x89be -0.9238
                                                            9
  196 000000DA 83 85           DCW              -31357      ; 45 0x8583 -0.9569
                                                            4
  197 000000DC 76 82           DCW              -32138      ; 46 0x8276 -0.9807
                                                            7
  198 000000DE 9E 80           DCW              -32610      ; 47 0x809e -0.9951
                                                            8
  199 000000E0 00 80           DCW              -32768      ; 48 0x8000 -1.0000
                                                            0
  200 000000E2 9E 80           DCW              -32610      ; 49 0x809e -0.9951
                                                            8
  201 000000E4 76 82           DCW              -32138      ; 50 0x8276 -0.9807
                                                            7
  202 000000E6 83 85           DCW              -31357      ; 51 0x8583 -0.9569
                                                            4
  203 000000E8 BE 89           DCW              -30274      ; 52 0x89be -0.9238
                                                            9
  204 000000EA 1D 8F           DCW              -28899      ; 53 0x8f1d -0.8819
                                                            3
  205 000000EC 92 95           DCW              -27246      ; 54 0x9592 -0.8314
                                                            8
  206 000000EE 0E 9D           DCW              -25330      ; 55 0x9d0e -0.7730
                                                            1
  207 000000F0 7E A5           DCW              -23170      ; 56 0xa57e -0.7070
                                                            9
  208 000000F2 CC AE           DCW              -20788      ; 57 0xaecc -0.6344
                                                            0
  209 000000F4 E3 B8           DCW              -18205      ; 58 0xb8e3 -0.5555
                                                            7
  210 000000F6 A9 C3           DCW              -15447      ; 59 0xc3a9 -0.4714
                                                            1
  211 000000F8 04 CF           DCW              -12540      ; 60 0xcf04 -0.3826



ARM Macro Assembler    Page 7 


                                                            9
  212 000000FA D8 DA           DCW              -9512       ; 61 0xdad8 -0.2902
                                                            8
  213 000000FC 07 E7           DCW              -6393       ; 62 0xe707 -0.1951
                                                            0
  214 000000FE 74 F3           DCW              -3212       ; 63 0xf374 -0.0980
                                                            2
  215 00000100         
  216 00000100         
  217 00000100         
  218 00000100         
  219 00000100                 END
Command Line: --debug --xref --diag_suppress=9931 --cpu=Cortex-M3 --apcs=interw
ork --depend=.\obj\dft.d -o.\obj\dft.o -I.\RTE\_CibleSondeKEIL -IC:\Programdata
\Keil\Arm\Packs\ARM\CMSIS\5.7.0\CMSIS\Core\Include -IC:\Programdata\Keil\Arm\Pa
cks\Keil\STM32F1xx_DFP\2.3.0\Device\Include --predefine="__EVAL SETA 1" --prede
fine="__MICROLIB SETA 1" --predefine="__UVISION_VERSION SETA 534" --predefine="
_RTE_ SETA 1" --predefine="STM32F10X_MD SETA 1" --predefine="_RTE_ SETA 1" --li
st=dft.lst Src\DFT.s



ARM Macro Assembler    Page 1 Alphabetic symbol ordering
Relocatable symbols

mesdata 00000000

Symbol: mesdata
   Definitions
      At line 7 in file Src\DFT.s
   Uses
      None
Comment: mesdata unused
1 symbol



ARM Macro Assembler    Page 1 Alphabetic symbol ordering
Relocatable symbols

maram 00000000

Symbol: maram
   Definitions
      At line 11 in file Src\DFT.s
   Uses
      None
Comment: maram unused
n 00000008

Symbol: n
   Definitions
      At line 15 in file Src\DFT.s
   Uses
      At line 38 in file Src\DFT.s
      At line 41 in file Src\DFT.s
      At line 60 in file Src\DFT.s

sum_cos 00000000

Symbol: sum_cos
   Definitions
      At line 13 in file Src\DFT.s
   Uses
      At line 34 in file Src\DFT.s
      At line 52 in file Src\DFT.s
      At line 67 in file Src\DFT.s

sum_sin 00000004

Symbol: sum_sin
   Definitions
      At line 14 in file Src\DFT.s
   Uses
      At line 35 in file Src\DFT.s
      At line 56 in file Src\DFT.s
      At line 69 in file Src\DFT.s

4 symbols



ARM Macro Assembler    Page 1 Alphabetic symbol ordering
Relocatable symbols

DFT_ModuleAuCarre 00000000

Symbol: DFT_ModuleAuCarre
   Definitions
      At line 29 in file Src\DFT.s
   Uses
      At line 25 in file Src\DFT.s
Comment: DFT_ModuleAuCarre used once
loop 00000012

Symbol: loop
   Definitions
      At line 40 in file Src\DFT.s
   Uses
      At line 66 in file Src\DFT.s
Comment: loop used once
moncode 00000000

Symbol: moncode
   Definitions
      At line 23 in file Src\DFT.s
   Uses
      None
Comment: moncode unused
3 symbols



ARM Macro Assembler    Page 1 Alphabetic symbol ordering
Relocatable symbols

TabCos 00000000

Symbol: TabCos
   Definitions
      At line 85 in file Src\DFT.s
   Uses
      At line 45 in file Src\DFT.s
Comment: TabCos used once
TabSin 00000080

Symbol: TabSin
   Definitions
      At line 150 in file Src\DFT.s
   Uses
      At line 46 in file Src\DFT.s
Comment: TabSin used once
Trigo 00000000

Symbol: Trigo
   Definitions
      At line 82 in file Src\DFT.s
   Uses
      None
Comment: Trigo unused
3 symbols
348 symbols in table
