


ARM Macro Assembler    Page 1 


    1 00000000                 PRESERVE8
    2 00000000                 THUMB
    3 00000000         
    4 00000000         
    5 00000000         ; ====================== zone de réservation de données,
                         ======================================
    6 00000000         ;Section RAM (read only) :
    7 00000000                 area             mesdata,data,readonly
    8 00000000         
    9 00000000         
   10 00000000         ;Section RAM (read write):
   11 00000000                 area             maram,data,readwrite
   12 00000000         
   13 00000000 00000000 
                       sum_cos dcd              0           ;32bits
   14 00000004 00000000 
                       sum_sin dcd              0           ; 32 bits
   15 00000008 00000000 
                       retour  dcd              0           ; 32 bits
   16 0000000C 00 00   n       dcw              0           ;inbdice temporel
   17 0000000E         
   18 0000000E         ; ======================================================
                       =========================================
   19 0000000E         
   20 0000000E         
   21 0000000E         
   22 0000000E         
   23 0000000E         ;Section ROM code (read only) :  
   24 0000000E                 area             moncode,code,readonly
   25 00000000         ; écrire le code ici  
   26 00000000                 import           LeSignal
   27 00000000                 export           DFT_ModuleAuCarre
   28 00000000         ;for n in 0..63, n=0, n++ :
   29 00000000         ;indice=n*k mod 64;
   30 00000000         ;sum+=cos(indice)*signal(n);
   31 00000000         DFT_ModuleAuCarre
                               proc
   32 00000000         ;r0=addresse de signal
   33 00000000         ;r1=k
   34 00000000 B4F0            push{r4,r5,r6,r7}
   35 00000002 F04F 0300       mov              r3,#0
   36 00000006 4A14            ldr              r2,=n
   37 00000008 6013            str              r3,[r2]     ;initialise n à 0
   38 0000000A         loop
   39 0000000A 4A13            ldr              r2,=n
   40 0000000C 6812            ldr              r2,[r2]     ;r2=n
   41 0000000E FB01 F302       mul              r3,r1,r2    ;r1=k*n   
   42 00000012 F003 033F       and              r3,#63      ;r1=r1[64]
   43 00000016 4C11            ldr              r4,=TabCos
   44 00000018 4E11            ldr              r6,=TabSin
   45 0000001A F934 4013       ldrsh            r4,[r4,r3,lsl#1] ;r3=cos(r1)
   46 0000001E F936 6013       ldrsh            r6,[r6,r3,lsl#1]
   47 00000022 F930 5012       ldrsh            r5,[r0,r2,lsl#1] ;,r2,lsl#1]  ;
                                                            on charge depuis r0
                                                             vers r0, signal(n)
                                                            
   48 00000026 FB06 F705       mul              r7,r6,r5
   49 0000002A FB04 F505       mul              r5,r4,r5    ;r0=signal*cos
   50 0000002E 4B0D            ldr              r3,=sum_cos



ARM Macro Assembler    Page 2 


   51 00000030 681A            ldr              r2,[r3]     ;r3=somme actuelle 
                                                            
   52 00000032 4415            add              r5,r2       ; r0=r2+r0
   53 00000034 601D            str              r5,[r3]     ;sum_cos=r0
   54 00000036 4B0C            ldr              r3,=sum_sin
   55 00000038 681A            ldr              r2,[r3]     ;r3=somme actuelle 
                                                            
   56 0000003A 4417            add              r7,r2       ; r0=r2+r0
   57 0000003C 601F            str              r7,[r3]     ;sum_cos=r0
   58 0000003E         
   59 0000003E 4B06            ldr              r3,=n
   60 00000040 681A            ldr              r2,[r3]     ;r2=n
   61 00000042 F102 0201       add              r2,#1       ;n+=1
   62 00000046 601A            str              r2,[r3]     ;modif de n
   63 00000048 F04F 0340       mov              r3,#64
   64 0000004C 429A            cmp              r2,r3       ;verifie qu'on est 
                                                            toujours dans la so
                                                            mme
   65 0000004E D3DC            bcc              loop
   66 00000050 4804            ldr              r0,=sum_cos ;mettre au carré et
                                                             additioner 
   67 00000052 6800            ldr              r0,[r0]     ;r0=valeur de somme
                                                             de cos
   68 00000054 BC30            pop{r5,r4}
   69 00000056 4770            bx               lr
   70 00000058                 endp
   71 00000058         
   72 00000058         
   73 00000058         
   74 00000058         ;Section ROM code (read only) :  
   75 00000058 00000000 
              00000000 
              00000000 
              00000000 
              00000000         AREA             Trigo, DATA, READONLY
   76 00000000         ; codage fractionnaire 1.15
   77 00000000         
   78 00000000         TabCos
   79 00000000 FF 7F           DCW              32767       ;  0 0x7fff  0.9999
                                                            7
   80 00000002 62 7F           DCW              32610       ;  1 0x7f62  0.9951
                                                            8
   81 00000004 8A 7D           DCW              32138       ;  2 0x7d8a  0.9807
                                                            7
   82 00000006 7D 7A           DCW              31357       ;  3 0x7a7d  0.9569
                                                            4
   83 00000008 42 76           DCW              30274       ;  4 0x7642  0.9238
                                                            9
   84 0000000A E3 70           DCW              28899       ;  5 0x70e3  0.8819
                                                            3
   85 0000000C 6E 6A           DCW              27246       ;  6 0x6a6e  0.8314
                                                            8
   86 0000000E F2 62           DCW              25330       ;  7 0x62f2  0.7730
                                                            1
   87 00000010 82 5A           DCW              23170       ;  8 0x5a82  0.7070
                                                            9
   88 00000012 34 51           DCW              20788       ;  9 0x5134  0.6344
                                                            0
   89 00000014 1D 47           DCW              18205       ; 10 0x471d  0.5555



ARM Macro Assembler    Page 3 


                                                            7
   90 00000016 57 3C           DCW              15447       ; 11 0x3c57  0.4714
                                                            1
   91 00000018 FC 30           DCW              12540       ; 12 0x30fc  0.3826
                                                            9
   92 0000001A 28 25           DCW              9512        ; 13 0x2528  0.2902
                                                            8
   93 0000001C F9 18           DCW              6393        ; 14 0x18f9  0.1951
                                                            0
   94 0000001E 8C 0C           DCW              3212        ; 15 0x0c8c  0.0980
                                                            2
   95 00000020 00 00           DCW              0           ; 16 0x0000  0.0000
                                                            0
   96 00000022 74 F3           DCW              -3212       ; 17 0xf374 -0.0980
                                                            2
   97 00000024 07 E7           DCW              -6393       ; 18 0xe707 -0.1951
                                                            0
   98 00000026 D8 DA           DCW              -9512       ; 19 0xdad8 -0.2902
                                                            8
   99 00000028 04 CF           DCW              -12540      ; 20 0xcf04 -0.3826
                                                            9
  100 0000002A A9 C3           DCW              -15447      ; 21 0xc3a9 -0.4714
                                                            1
  101 0000002C E3 B8           DCW              -18205      ; 22 0xb8e3 -0.5555
                                                            7
  102 0000002E CC AE           DCW              -20788      ; 23 0xaecc -0.6344
                                                            0
  103 00000030 7E A5           DCW              -23170      ; 24 0xa57e -0.7070
                                                            9
  104 00000032 0E 9D           DCW              -25330      ; 25 0x9d0e -0.7730
                                                            1
  105 00000034 92 95           DCW              -27246      ; 26 0x9592 -0.8314
                                                            8
  106 00000036 1D 8F           DCW              -28899      ; 27 0x8f1d -0.8819
                                                            3
  107 00000038 BE 89           DCW              -30274      ; 28 0x89be -0.9238
                                                            9
  108 0000003A 83 85           DCW              -31357      ; 29 0x8583 -0.9569
                                                            4
  109 0000003C 76 82           DCW              -32138      ; 30 0x8276 -0.9807
                                                            7
  110 0000003E 9E 80           DCW              -32610      ; 31 0x809e -0.9951
                                                            8
  111 00000040 00 80           DCW              -32768      ; 32 0x8000 -1.0000
                                                            0
  112 00000042 9E 80           DCW              -32610      ; 33 0x809e -0.9951
                                                            8
  113 00000044 76 82           DCW              -32138      ; 34 0x8276 -0.9807
                                                            7
  114 00000046 83 85           DCW              -31357      ; 35 0x8583 -0.9569
                                                            4
  115 00000048 BE 89           DCW              -30274      ; 36 0x89be -0.9238
                                                            9
  116 0000004A 1D 8F           DCW              -28899      ; 37 0x8f1d -0.8819
                                                            3
  117 0000004C 92 95           DCW              -27246      ; 38 0x9592 -0.8314
                                                            8
  118 0000004E 0E 9D           DCW              -25330      ; 39 0x9d0e -0.7730
                                                            1



ARM Macro Assembler    Page 4 


  119 00000050 7E A5           DCW              -23170      ; 40 0xa57e -0.7070
                                                            9
  120 00000052 CC AE           DCW              -20788      ; 41 0xaecc -0.6344
                                                            0
  121 00000054 E3 B8           DCW              -18205      ; 42 0xb8e3 -0.5555
                                                            7
  122 00000056 A9 C3           DCW              -15447      ; 43 0xc3a9 -0.4714
                                                            1
  123 00000058 04 CF           DCW              -12540      ; 44 0xcf04 -0.3826
                                                            9
  124 0000005A D8 DA           DCW              -9512       ; 45 0xdad8 -0.2902
                                                            8
  125 0000005C 07 E7           DCW              -6393       ; 46 0xe707 -0.1951
                                                            0
  126 0000005E 74 F3           DCW              -3212       ; 47 0xf374 -0.0980
                                                            2
  127 00000060 00 00           DCW              0           ; 48 0x0000  0.0000
                                                            0
  128 00000062 8C 0C           DCW              3212        ; 49 0x0c8c  0.0980
                                                            2
  129 00000064 F9 18           DCW              6393        ; 50 0x18f9  0.1951
                                                            0
  130 00000066 28 25           DCW              9512        ; 51 0x2528  0.2902
                                                            8
  131 00000068 FC 30           DCW              12540       ; 52 0x30fc  0.3826
                                                            9
  132 0000006A 57 3C           DCW              15447       ; 53 0x3c57  0.4714
                                                            1
  133 0000006C 1D 47           DCW              18205       ; 54 0x471d  0.5555
                                                            7
  134 0000006E 34 51           DCW              20788       ; 55 0x5134  0.6344
                                                            0
  135 00000070 82 5A           DCW              23170       ; 56 0x5a82  0.7070
                                                            9
  136 00000072 F2 62           DCW              25330       ; 57 0x62f2  0.7730
                                                            1
  137 00000074 6E 6A           DCW              27246       ; 58 0x6a6e  0.8314
                                                            8
  138 00000076 E3 70           DCW              28899       ; 59 0x70e3  0.8819
                                                            3
  139 00000078 42 76           DCW              30274       ; 60 0x7642  0.9238
                                                            9
  140 0000007A 7D 7A           DCW              31357       ; 61 0x7a7d  0.9569
                                                            4
  141 0000007C 8A 7D           DCW              32138       ; 62 0x7d8a  0.9807
                                                            7
  142 0000007E 62 7F           DCW              32610       ; 63 0x7f62  0.9951
                                                            8
  143 00000080         TabSin
  144 00000080 00 00           DCW              0           ;  0 0x0000  0.0000
                                                            0
  145 00000082 8C 0C           DCW              3212        ;  1 0x0c8c  0.0980
                                                            2
  146 00000084 F9 18           DCW              6393        ;  2 0x18f9  0.1951
                                                            0
  147 00000086 28 25           DCW              9512        ;  3 0x2528  0.2902
                                                            8
  148 00000088 FC 30           DCW              12540       ;  4 0x30fc  0.3826
                                                            9



ARM Macro Assembler    Page 5 


  149 0000008A 57 3C           DCW              15447       ;  5 0x3c57  0.4714
                                                            1
  150 0000008C 1D 47           DCW              18205       ;  6 0x471d  0.5555
                                                            7
  151 0000008E 34 51           DCW              20788       ;  7 0x5134  0.6344
                                                            0
  152 00000090 82 5A           DCW              23170       ;  8 0x5a82  0.7070
                                                            9
  153 00000092 F2 62           DCW              25330       ;  9 0x62f2  0.7730
                                                            1
  154 00000094 6E 6A           DCW              27246       ; 10 0x6a6e  0.8314
                                                            8
  155 00000096 E3 70           DCW              28899       ; 11 0x70e3  0.8819
                                                            3
  156 00000098 42 76           DCW              30274       ; 12 0x7642  0.9238
                                                            9
  157 0000009A 7D 7A           DCW              31357       ; 13 0x7a7d  0.9569
                                                            4
  158 0000009C 8A 7D           DCW              32138       ; 14 0x7d8a  0.9807
                                                            7
  159 0000009E 62 7F           DCW              32610       ; 15 0x7f62  0.9951
                                                            8
  160 000000A0 FF 7F           DCW              32767       ; 16 0x7fff  0.9999
                                                            7
  161 000000A2 62 7F           DCW              32610       ; 17 0x7f62  0.9951
                                                            8
  162 000000A4 8A 7D           DCW              32138       ; 18 0x7d8a  0.9807
                                                            7
  163 000000A6 7D 7A           DCW              31357       ; 19 0x7a7d  0.9569
                                                            4
  164 000000A8 42 76           DCW              30274       ; 20 0x7642  0.9238
                                                            9
  165 000000AA E3 70           DCW              28899       ; 21 0x70e3  0.8819
                                                            3
  166 000000AC 6E 6A           DCW              27246       ; 22 0x6a6e  0.8314
                                                            8
  167 000000AE F2 62           DCW              25330       ; 23 0x62f2  0.7730
                                                            1
  168 000000B0 82 5A           DCW              23170       ; 24 0x5a82  0.7070
                                                            9
  169 000000B2 34 51           DCW              20788       ; 25 0x5134  0.6344
                                                            0
  170 000000B4 1D 47           DCW              18205       ; 26 0x471d  0.5555
                                                            7
  171 000000B6 57 3C           DCW              15447       ; 27 0x3c57  0.4714
                                                            1
  172 000000B8 FC 30           DCW              12540       ; 28 0x30fc  0.3826
                                                            9
  173 000000BA 28 25           DCW              9512        ; 29 0x2528  0.2902
                                                            8
  174 000000BC F9 18           DCW              6393        ; 30 0x18f9  0.1951
                                                            0
  175 000000BE 8C 0C           DCW              3212        ; 31 0x0c8c  0.0980
                                                            2
  176 000000C0 00 00           DCW              0           ; 32 0x0000  0.0000
                                                            0
  177 000000C2 74 F3           DCW              -3212       ; 33 0xf374 -0.0980
                                                            2
  178 000000C4 07 E7           DCW              -6393       ; 34 0xe707 -0.1951



ARM Macro Assembler    Page 6 


                                                            0
  179 000000C6 D8 DA           DCW              -9512       ; 35 0xdad8 -0.2902
                                                            8
  180 000000C8 04 CF           DCW              -12540      ; 36 0xcf04 -0.3826
                                                            9
  181 000000CA A9 C3           DCW              -15447      ; 37 0xc3a9 -0.4714
                                                            1
  182 000000CC E3 B8           DCW              -18205      ; 38 0xb8e3 -0.5555
                                                            7
  183 000000CE CC AE           DCW              -20788      ; 39 0xaecc -0.6344
                                                            0
  184 000000D0 7E A5           DCW              -23170      ; 40 0xa57e -0.7070
                                                            9
  185 000000D2 0E 9D           DCW              -25330      ; 41 0x9d0e -0.7730
                                                            1
  186 000000D4 92 95           DCW              -27246      ; 42 0x9592 -0.8314
                                                            8
  187 000000D6 1D 8F           DCW              -28899      ; 43 0x8f1d -0.8819
                                                            3
  188 000000D8 BE 89           DCW              -30274      ; 44 0x89be -0.9238
                                                            9
  189 000000DA 83 85           DCW              -31357      ; 45 0x8583 -0.9569
                                                            4
  190 000000DC 76 82           DCW              -32138      ; 46 0x8276 -0.9807
                                                            7
  191 000000DE 9E 80           DCW              -32610      ; 47 0x809e -0.9951
                                                            8
  192 000000E0 00 80           DCW              -32768      ; 48 0x8000 -1.0000
                                                            0
  193 000000E2 9E 80           DCW              -32610      ; 49 0x809e -0.9951
                                                            8
  194 000000E4 76 82           DCW              -32138      ; 50 0x8276 -0.9807
                                                            7
  195 000000E6 83 85           DCW              -31357      ; 51 0x8583 -0.9569
                                                            4
  196 000000E8 BE 89           DCW              -30274      ; 52 0x89be -0.9238
                                                            9
  197 000000EA 1D 8F           DCW              -28899      ; 53 0x8f1d -0.8819
                                                            3
  198 000000EC 92 95           DCW              -27246      ; 54 0x9592 -0.8314
                                                            8
  199 000000EE 0E 9D           DCW              -25330      ; 55 0x9d0e -0.7730
                                                            1
  200 000000F0 7E A5           DCW              -23170      ; 56 0xa57e -0.7070
                                                            9
  201 000000F2 CC AE           DCW              -20788      ; 57 0xaecc -0.6344
                                                            0
  202 000000F4 E3 B8           DCW              -18205      ; 58 0xb8e3 -0.5555
                                                            7
  203 000000F6 A9 C3           DCW              -15447      ; 59 0xc3a9 -0.4714
                                                            1
  204 000000F8 04 CF           DCW              -12540      ; 60 0xcf04 -0.3826
                                                            9
  205 000000FA D8 DA           DCW              -9512       ; 61 0xdad8 -0.2902
                                                            8
  206 000000FC 07 E7           DCW              -6393       ; 62 0xe707 -0.1951
                                                            0
  207 000000FE 74 F3           DCW              -3212       ; 63 0xf374 -0.0980
                                                            2



ARM Macro Assembler    Page 7 


  208 00000100         
  209 00000100         
  210 00000100         
  211 00000100         
  212 00000100                 END
Command Line: --debug --xref --diag_suppress=9931 --cpu=Cortex-M3 --apcs=interw
ork --depend=.\obj\dft.d -o.\obj\dft.o -I.\RTE\_Simu -IC:\Programdata\Keil\Arm\
Packs\ARM\CMSIS\5.7.0\CMSIS\Core\Include -IC:\Programdata\Keil\Arm\Packs\Keil\S
TM32F1xx_DFP\2.3.0\Device\Include --predefine="__EVAL SETA 1" --predefine="__MI
CROLIB SETA 1" --predefine="__UVISION_VERSION SETA 534" --predefine="_RTE_ SETA
 1" --predefine="STM32F10X_MD SETA 1" --predefine="_RTE_ SETA 1" --list=dft.lst
 Src\DFT.s



ARM Macro Assembler    Page 1 Alphabetic symbol ordering
Relocatable symbols

mesdata 00000000

Symbol: mesdata
   Definitions
      At line 7 in file Src\DFT.s
   Uses
      None
Comment: mesdata unused
1 symbol



ARM Macro Assembler    Page 1 Alphabetic symbol ordering
Relocatable symbols

maram 00000000

Symbol: maram
   Definitions
      At line 11 in file Src\DFT.s
   Uses
      None
Comment: maram unused
n 0000000C

Symbol: n
   Definitions
      At line 16 in file Src\DFT.s
   Uses
      At line 36 in file Src\DFT.s
      At line 39 in file Src\DFT.s
      At line 59 in file Src\DFT.s

retour 00000008

Symbol: retour
   Definitions
      At line 15 in file Src\DFT.s
   Uses
      None
Comment: retour unused
sum_cos 00000000

Symbol: sum_cos
   Definitions
      At line 13 in file Src\DFT.s
   Uses
      At line 50 in file Src\DFT.s
      At line 66 in file Src\DFT.s

sum_sin 00000004

Symbol: sum_sin
   Definitions
      At line 14 in file Src\DFT.s
   Uses
      At line 54 in file Src\DFT.s
Comment: sum_sin used once
5 symbols



ARM Macro Assembler    Page 1 Alphabetic symbol ordering
Relocatable symbols

DFT_ModuleAuCarre 00000000

Symbol: DFT_ModuleAuCarre
   Definitions
      At line 31 in file Src\DFT.s
   Uses
      At line 27 in file Src\DFT.s
Comment: DFT_ModuleAuCarre used once
loop 0000000A

Symbol: loop
   Definitions
      At line 38 in file Src\DFT.s
   Uses
      At line 65 in file Src\DFT.s
Comment: loop used once
moncode 00000000

Symbol: moncode
   Definitions
      At line 24 in file Src\DFT.s
   Uses
      None
Comment: moncode unused
3 symbols



ARM Macro Assembler    Page 1 Alphabetic symbol ordering
Relocatable symbols

TabCos 00000000

Symbol: TabCos
   Definitions
      At line 78 in file Src\DFT.s
   Uses
      At line 43 in file Src\DFT.s
Comment: TabCos used once
TabSin 00000080

Symbol: TabSin
   Definitions
      At line 143 in file Src\DFT.s
   Uses
      At line 44 in file Src\DFT.s
Comment: TabSin used once
Trigo 00000000

Symbol: Trigo
   Definitions
      At line 75 in file Src\DFT.s
   Uses
      None
Comment: Trigo unused
3 symbols



ARM Macro Assembler    Page 1 Alphabetic symbol ordering
External symbols

LeSignal 00000000

Symbol: LeSignal
   Definitions
      At line 26 in file Src\DFT.s
   Uses
      None
Comment: LeSignal unused
1 symbol
350 symbols in table
